0 info it worked if it ends with ok
1 verbose cli [ '/usr/bin/node', '/usr/bin/npm', 'install' ]
2 info using npm@1.4.28
3 info using node@v0.10.33
4 verbose node symlink /usr/bin/node
5 warn package.json reme.io@2.0.0 No repository field.
6 warn package.json reme.io@2.0.0 No README data
7 verbose readDependencies using package.json deps
8 verbose install where, deps [ '/home/ilucut/REPOS/reme.io-repo-v2/reme.io',
8 verbose install   [ 'grunt',
8 verbose install     'grunt-contrib-concat',
8 verbose install     'grunt-contrib-copy',
8 verbose install     'grunt-contrib-cssmin',
8 verbose install     'grunt-contrib-jshint',
8 verbose install     'grunt-contrib-sass',
8 verbose install     'grunt-contrib-uglify',
8 verbose install     'grunt-contrib-watch',
8 verbose install     'grunt-html2js',
8 verbose install     'grunt-ng-annotate',
8 verbose install     'jasmine-core',
8 verbose install     'karma',
8 verbose install     'karma-chrome-launcher',
8 verbose install     'karma-jasmine',
8 verbose install     'jsTimezoneDetect' ] ]
9 info preinstall reme.io@2.0.0
10 warn package.json karma-chrome-launcher@0.1.5 No README data
11 verbose readDependencies using package.json deps
12 verbose already installed skipping grunt@~0.4.5 /home/ilucut/REPOS/reme.io-repo-v2/reme.io
13 verbose already installed skipping grunt-contrib-concat@~0.4.0 /home/ilucut/REPOS/reme.io-repo-v2/reme.io
14 verbose already installed skipping grunt-contrib-copy@~0.5.0 /home/ilucut/REPOS/reme.io-repo-v2/reme.io
15 verbose already installed skipping grunt-contrib-cssmin@~0.9.0 /home/ilucut/REPOS/reme.io-repo-v2/reme.io
16 verbose already installed skipping grunt-contrib-jshint@~0.10.0 /home/ilucut/REPOS/reme.io-repo-v2/reme.io
17 verbose already installed skipping grunt-contrib-sass@~0.8.1 /home/ilucut/REPOS/reme.io-repo-v2/reme.io
18 verbose already installed skipping grunt-contrib-uglify@~0.4.0 /home/ilucut/REPOS/reme.io-repo-v2/reme.io
19 verbose already installed skipping grunt-contrib-watch@~0.6.1 /home/ilucut/REPOS/reme.io-repo-v2/reme.io
20 verbose already installed skipping grunt-html2js@~0.2.7 /home/ilucut/REPOS/reme.io-repo-v2/reme.io
21 verbose already installed skipping grunt-ng-annotate@~0.3.1 /home/ilucut/REPOS/reme.io-repo-v2/reme.io
22 verbose already installed skipping jasmine-core@^2.1.2 /home/ilucut/REPOS/reme.io-repo-v2/reme.io
23 verbose already installed skipping karma@^0.12.25 /home/ilucut/REPOS/reme.io-repo-v2/reme.io
24 verbose already installed skipping karma-chrome-launcher@^0.1.5 /home/ilucut/REPOS/reme.io-repo-v2/reme.io
25 verbose already installed skipping karma-jasmine@^0.3.0 /home/ilucut/REPOS/reme.io-repo-v2/reme.io
26 verbose cache add [ 'jsTimezoneDetect@1.0.5', null ]
27 verbose cache add name=undefined spec="jsTimezoneDetect@1.0.5" args=["jsTimezoneDetect@1.0.5",null]
28 verbose parsed url { protocol: null,
28 verbose parsed url   slashes: null,
28 verbose parsed url   auth: null,
28 verbose parsed url   host: null,
28 verbose parsed url   port: null,
28 verbose parsed url   hostname: null,
28 verbose parsed url   hash: null,
28 verbose parsed url   search: null,
28 verbose parsed url   query: null,
28 verbose parsed url   pathname: 'jsTimezoneDetect@1.0.5',
28 verbose parsed url   path: 'jsTimezoneDetect@1.0.5',
28 verbose parsed url   href: 'jsTimezoneDetect@1.0.5' }
29 verbose cache add name="jsTimezoneDetect" spec="1.0.5" args=["jsTimezoneDetect","1.0.5"]
30 verbose parsed url { protocol: null,
30 verbose parsed url   slashes: null,
30 verbose parsed url   auth: null,
30 verbose parsed url   host: null,
30 verbose parsed url   port: null,
30 verbose parsed url   hostname: null,
30 verbose parsed url   hash: null,
30 verbose parsed url   search: null,
30 verbose parsed url   query: null,
30 verbose parsed url   pathname: '1.0.5',
30 verbose parsed url   path: '1.0.5',
30 verbose parsed url   href: '1.0.5' }
31 verbose addNamed [ 'jsTimezoneDetect', '1.0.5' ]
32 verbose addNamed [ '1.0.5', '1.0.5' ]
33 silly lockFile 16f3285c-jsTimezoneDetect-1-0-5 jsTimezoneDetect@1.0.5
34 verbose lock jsTimezoneDetect@1.0.5 /home/ilucut/.npm/16f3285c-jsTimezoneDetect-1-0-5.lock
35 verbose request where is /jsTimezoneDetect
36 verbose request registry https://registry.npmjs.org/
37 verbose request id 83317f601577d360
38 verbose url raw /jsTimezoneDetect
39 verbose url resolving [ 'https://registry.npmjs.org/', './jsTimezoneDetect' ]
40 verbose url resolved https://registry.npmjs.org/jsTimezoneDetect
41 verbose request where is https://registry.npmjs.org/jsTimezoneDetect
42 info trying registry request attempt 1 at 02:04:26
43 http GET https://registry.npmjs.org/jsTimezoneDetect
44 http 404 https://registry.npmjs.org/jsTimezoneDetect
45 verbose headers { date: 'Tue, 25 Nov 2014 21:26:59 GMT',
45 verbose headers   server: 'CouchDB/1.5.0 (Erlang OTP/R16B03)',
45 verbose headers   'content-type': 'application/json',
45 verbose headers   'cache-control': 'max-age=0',
45 verbose headers   'content-length': '52',
45 verbose headers   'accept-ranges': 'bytes',
45 verbose headers   via: '1.1 varnish',
45 verbose headers   age: '0',
45 verbose headers   'x-served-by': 'cache-fra1235-FRA',
45 verbose headers   'x-cache': 'MISS',
45 verbose headers   'x-cache-hits': '0',
45 verbose headers   'x-timer': 'S1416950819.071105,VS0,VE738',
45 verbose headers   'keep-alive': 'timeout=10, max=50',
45 verbose headers   connection: 'Keep-Alive' }
46 silly registry.get cb [ 404,
46 silly registry.get   { date: 'Tue, 25 Nov 2014 21:26:59 GMT',
46 silly registry.get     server: 'CouchDB/1.5.0 (Erlang OTP/R16B03)',
46 silly registry.get     'content-type': 'application/json',
46 silly registry.get     'cache-control': 'max-age=0',
46 silly registry.get     'content-length': '52',
46 silly registry.get     'accept-ranges': 'bytes',
46 silly registry.get     via: '1.1 varnish',
46 silly registry.get     age: '0',
46 silly registry.get     'x-served-by': 'cache-fra1235-FRA',
46 silly registry.get     'x-cache': 'MISS',
46 silly registry.get     'x-cache-hits': '0',
46 silly registry.get     'x-timer': 'S1416950819.071105,VS0,VE738',
46 silly registry.get     'keep-alive': 'timeout=10, max=50',
46 silly registry.get     connection: 'Keep-Alive' } ]
47 silly lockFile 16f3285c-jsTimezoneDetect-1-0-5 jsTimezoneDetect@1.0.5
48 silly lockFile 16f3285c-jsTimezoneDetect-1-0-5 jsTimezoneDetect@1.0.5
49 error 404 404 Not Found: jsTimezoneDetect
49 error 404
49 error 404 'jsTimezoneDetect' is not in the npm registry.
49 error 404 You should bug the author to publish it
49 error 404 It was specified as a dependency of 'reme.io'
49 error 404
49 error 404 Note that you can also install from a
49 error 404 tarball, folder, or http url, or git url.
50 error System Linux 3.2.0-70-generic
51 error command "/usr/bin/node" "/usr/bin/npm" "install"
52 error cwd /home/ilucut/REPOS/reme.io-repo-v2/reme.io
53 error node -v v0.10.33
54 error npm -v 1.4.28
55 error code E404
56 verbose exit [ 1, true ]
